<?xml version="1.0" encoding="UTF-8"?>
<!-- Generated by org.testng.reporters.JUnitXMLReporter -->
<testsuite ignored="0" hostname="beeweb-Lenovo-ideapad-330-15IKB" failures="1" tests="4" name="Command line test" time="121.391" errors="0" timestamp="2023-06-11T20:46:04 AMT">
  <testcase classname="tests.SelectProjectTest" name="selectProject" time="5.295"/>
  <testcase classname="tests.PrintOrSendEmailTest" name="sendNewTemplate" time="42.827">
    <failure type="java.lang.NullPointerException">
      <![CDATA[java.lang.NullPointerException
at org.openqa.selenium.support.ui.ExpectedConditions.elementIfVisible(ExpectedConditions.java:307)
at org.openqa.selenium.support.ui.ExpectedConditions.access$000(ExpectedConditions.java:40)
at org.openqa.selenium.support.ui.ExpectedConditions$10.apply(ExpectedConditions.java:293)
at org.openqa.selenium.support.ui.ExpectedConditions$10.apply(ExpectedConditions.java:290)
at org.openqa.selenium.support.ui.ExpectedConditions$23.apply(ExpectedConditions.java:660)
at org.openqa.selenium.support.ui.ExpectedConditions$23.apply(ExpectedConditions.java:656)
at org.openqa.selenium.support.ui.FluentWait.until(FluentWait.java:208)
at pages.FundamentalUse.waitForElementToBeClickable(FundamentalUse.java:40)
at pages.FundamentalUse.click(FundamentalUse.java:28)
at pages.MemberPreviewPage.goToNeededTabOnMemberPage(MemberPreviewPage.java:24)
at tests.PrintOrSendEmailTest.sendNewTemplate(PrintOrSendEmailTest.java:28)
at java.base/java.util.ArrayList.forEach(ArrayList.java:1541)
... Removed 37 stack frames]]>
    </failure>
  </testcase> <!-- sendNewTemplate -->
  <testcase classname="tests.LoginTest" name="loginValidation" time="15.862"/>
  <testcase classname="tests.LoginTest" name="loginValidation" time="1.407"/>
</testsuite> <!-- Command line test -->
