<?xml version="1.0" encoding="UTF-8" ?>
<testsuite tests="4" failures="1" name="TestSuite" time="65.386" errors="0" skipped="0">
  <properties>
[...]
</properties>
  <testcase classname="tests.SelectProjectTest" name="selectProject" time="5.288"/>
  <testcase classname="tests.PrintOrSendEmailTest" name="sendNewTemplate" time="42.829">
    <failure type="java.lang.NullPointerException">java.lang.NullPointerException
	at org.openqa.selenium.support.ui.ExpectedConditions.elementIfVisible(ExpectedConditions.java:307)
	at org.openqa.selenium.support.ui.ExpectedConditions.access$000(ExpectedConditions.java:40)
	at org.openqa.selenium.support.ui.ExpectedConditions$10.apply(ExpectedConditions.java:293)
	at org.openqa.selenium.support.ui.ExpectedConditions$10.apply(ExpectedConditions.java:290)
	at org.openqa.selenium.support.ui.ExpectedConditions$23.apply(ExpectedConditions.java:660)
	at org.openqa.selenium.support.ui.ExpectedConditions$23.apply(ExpectedConditions.java:656)
	at org.openqa.selenium.support.ui.FluentWait.until(FluentWait.java:208)
	at pages.FundamentalUse.waitForElementToBeClickable(FundamentalUse.java:40)
	at pages.FundamentalUse.click(FundamentalUse.java:28)
	at pages.MemberPreviewPage.goToNeededTabOnMemberPage(MemberPreviewPage.java:24)
	at tests.PrintOrSendEmailTest.sendNewTemplate(PrintOrSendEmailTest.java:28)
</failure>
    <system-err>Starting ChromeDriver 112.0.5615.49 (bd2a7bcb881c11e8cfe3078709382934e3916914-refs/branch-heads/5615@{#936}) on port 32234
Only local connections are allowed.
Please see https://chromedriver.chromium.org/security-considerations for suggestions on keeping ChromeDriver safe.
ChromeDriver was started successfully.
Jun 11, 2023 8:44:36 PM pages.FundamentalUse sendKeys
INFO: Filling field with text qaAdminSub
Jun 11, 2023 8:44:36 PM pages.FundamentalUse sendKeys
INFO: Filling field with text test
Jun 11, 2023 8:44:36 PM pages.FundamentalUse click
INFO: Clicking to 
Jun 11, 2023 8:44:36 PM pages.FundamentalUse click
INFO: Clicking to Login
Jun 11, 2023 8:44:40 PM pages.FundamentalUse click
INFO: Clicking to QA-sub
prj::ffc8bd13-16a7-4c86-bc68-45c50d514f5e
Jun 11, 2023 8:44:53 PM pages.FundamentalUse click
INFO: Clicking to Manage
Jun 11, 2023 8:44:53 PM pages.FundamentalUse click
INFO: Clicking to Overview
Jun 11, 2023 8:45:01 PM pages.FundamentalUse click
INFO: Clicking to 
Jun 11, 2023 8:45:02 PM pages.FundamentalUse click
INFO: Clicking to Send
Jun 11, 2023 8:45:09 PM pages.FundamentalUse click
INFO: Clicking to Send
Jun 11, 2023 8:45:09 PM pages.FundamentalUse click
INFO: Clicking to 
Jun 11, 2023 8:45:10 PM pages.FundamentalUse click
INFO: Clicking to 
</system-err>
  </testcase>
  <testcase classname="tests.LoginTest" name="loginValidation" time="15.862"/>
  <testcase classname="tests.LoginTest" name="loginValidation" time="1.407"/>
</testsuite>