<?xml version="1.0" encoding="UTF-8"?>
<testng-results ignored="0" total="2" passed="2" failed="0" skipped="0">
  <reporter-output>
  </reporter-output>
  <suite started-at="2023-06-12T16:36:37 AMT" name="tests.LoginTest" finished-at="2023-06-12T16:37:53 AMT" duration-ms="76565">
    <groups>
    </groups>
    <test started-at="2023-06-12T16:36:37 AMT" name="Command line test" finished-at="2023-06-12T16:37:53 AMT" duration-ms="76565">
      <class name="tests.LoginTest">
        <test-method is-config="true" signature="setUp()[pri:0, instance:tests.LoginTest@589b3632]" started-at="2023-06-12T16:36:37 AMT" name="setUp" finished-at="2023-06-12T16:36:48 AMT" duration-ms="10940" status="PASS">
          <reporter-output>
          </reporter-output>
        </test-method> <!-- setUp -->
        <test-method signature="loginWithInValidData()[pri:0, instance:tests.LoginTest@589b3632]" started-at="2023-06-12T16:36:48 AMT" name="loginWithInValidData" finished-at="2023-06-12T16:36:49 AMT" duration-ms="1256" status="PASS">
          <reporter-output>
          </reporter-output>
        </test-method> <!-- loginWithInValidData -->
        <test-method is-config="true" signature="tearDown()[pri:0, instance:tests.LoginTest@589b3632]" started-at="2023-06-12T16:36:49 AMT" name="tearDown" finished-at="2023-06-12T16:36:49 AMT" duration-ms="119" status="PASS">
          <reporter-output>
          </reporter-output>
        </test-method> <!-- tearDown -->
        <test-method is-config="true" signature="setUp()[pri:0, instance:tests.LoginTest@589b3632]" started-at="2023-06-12T16:36:49 AMT" name="setUp" finished-at="2023-06-12T16:37:02 AMT" duration-ms="13363" status="PASS">
          <reporter-output>
          </reporter-output>
        </test-method> <!-- setUp -->
        <test-method signature="loginWithValidData()[pri:0, instance:tests.LoginTest@589b3632]" started-at="2023-06-12T16:37:02 AMT" name="loginWithValidData" finished-at="2023-06-12T16:37:53 AMT" duration-ms="50719" status="PASS">
          <reporter-output>
          </reporter-output>
        </test-method> <!-- loginWithValidData -->
        <test-method is-config="true" signature="tearDown()[pri:0, instance:tests.LoginTest@589b3632]" started-at="2023-06-12T16:37:53 AMT" name="tearDown" finished-at="2023-06-12T16:37:53 AMT" duration-ms="111" status="PASS">
          <reporter-output>
          </reporter-output>
        </test-method> <!-- tearDown -->
      </class> <!-- tests.LoginTest -->
    </test> <!-- Command line test -->
  </suite> <!-- tests.LoginTest -->
</testng-results>
